0 verbose cli C:\Program Files\nodejs\node.exe C:\Users\vivpawar\AppData\Roaming\npm\node_modules\npm\bin\npm-cli.js
1 info using npm@9.7.1
2 info using node@v16.18.0
3 timing npm:load:whichnode Completed in 7ms
4 timing config:load:defaults Completed in 9ms
5 timing config:load:file:C:\Users\vivpawar\AppData\Roaming\npm\node_modules\npm\npmrc Completed in 4ms
6 timing config:load:builtin Completed in 5ms
7 warn config production Use `--omit=dev` instead.
8 timing config:load:cli Completed in 4ms
9 timing config:load:env Completed in 1ms
10 timing config:load:file:C:\Users\vivpawar\Downloads\frontendMain\amplify\backend\function\dashboardappc73a9343\src\.npmrc Completed in 0ms
11 timing config:load:project Completed in 14ms
12 timing config:load:file:C:\Users\vivpawar\.npmrc Completed in 4ms
13 timing config:load:user Completed in 4ms
14 timing config:load:file:C:\Users\vivpawar\AppData\Roaming\npm\etc\npmrc Completed in 1ms
15 timing config:load:global Completed in 1ms
16 timing config:load:setEnvs Completed in 2ms
17 timing config:load Completed in 41ms
18 timing npm:load:configload Completed in 41ms
19 timing config:load:flatten Completed in 7ms
20 timing npm:load:mkdirpcache Completed in 1ms
21 timing npm:load:mkdirplogs Completed in 2ms
22 verbose title npm install
23 verbose argv "install" "--no-bin-links" "--production"
24 timing npm:load:setTitle Completed in 3ms
25 timing npm:load:display Completed in 4ms
26 verbose logfile logs-max:10 dir:C:\Users\vivpawar\Downloads\frontendMain\amplify\backend\function\dashboardappc73a9343\src\src\.npm-cache\_logs\2023-08-25T06_30_38_691Z-
27 verbose logfile C:\Users\vivpawar\Downloads\frontendMain\amplify\backend\function\dashboardappc73a9343\src\src\.npm-cache\_logs\2023-08-25T06_30_38_691Z-debug-0.log
28 timing npm:load:logFile Completed in 37ms
29 timing npm:load:timers Completed in 0ms
30 timing npm:load:configScope Completed in 0ms
31 timing npm:load Completed in 164ms
32 timing arborist:ctor Completed in 2ms
33 timing idealTree:init Completed in 40ms
34 timing idealTree:userRequests Completed in 0ms
35 silly idealTree buildDeps
36 timing idealTree:#root Completed in 0ms
37 timing idealTree:buildDeps Completed in 2ms
38 timing idealTree:fixDepFlags Completed in 0ms
39 timing idealTree Completed in 44ms
40 silly logfile done cleaning log files
41 timing arborist:ctor Completed in 0ms
42 timing reify:loadTrees Completed in 65ms
43 timing reify:diffTrees Completed in 2ms
44 silly reify moves {}
45 timing reify:retireShallow Completed in 3ms
46 timing reify:createSparse Completed in 5ms
47 silly reify mark deleted [
47 silly reify   'C:\\Users\\vivpawar\\Downloads\\frontendMain\\amplify\\backend\\function\\dashboardappc73a9343\\src\\node_modules\\@types\\aws-lambda'
47 silly reify ]
48 timing reify:trashOmits Completed in 4ms
49 timing reify:loadBundles Completed in 0ms
50 silly audit bulk request {}
51 timing auditReport:getReport Completed in 1ms
52 silly audit report null
53 timing reify:audit Completed in 3ms
54 timing reify:unpack Completed in 1ms
55 timing reify:unretire Completed in 0ms
56 timing build:queue Completed in 1ms
57 timing build:deps Completed in 2ms
58 timing build Completed in 3ms
59 timing reify:build Completed in 4ms
60 timing reify:trash Completed in 9ms
61 timing reify:save Completed in 16ms
62 timing reify Completed in 199ms
63 silly ADD
64 timing command:install Completed in 246ms
65 verbose exit 0
66 timing npm Completed in 1946ms
67 info ok
